BLUE, change config txt  /TurnTableActive_yy.txt
BLUE, change config txt  /BraveHeroActive_yy.txt
BLUE, change config txt  /KuafuFlowerRankActive_yy.txt
16:20:7 GE_EXC, module(Common.Other.GlobalPrompt), variable(EB_Vision_Dict) has not all translate.
16:20:7 GE_EXC, module(Game.ThirdParty.QQSummer.QQSummer), variable(ErrorCodeDict) has not all translate.
16:20:7 GE_EXC LoadLanguageScriptEx error cnt (1771)
RED GREEN BLUE << C 10002 Server Start At 2016-03-24 16:20:07>>
BLUE, system load all persistence data.
ToTime(16,59,58,True)
now(16:37:40) to(16:59:58) inc(1338)
ToTime(19,59,58,True)
now(17:07:32) to(19:59:58) inc(10346)
ToTime(20,34,58,True)
now(20:00:03) to(20:34:58) inc(2095)
ToTime(20,39,58,True)
now(20:35:02) to(20:39:58) inc(296)
ToTime(21,4,58,True)
now(20:41:26) to(21:04:58) inc(1412)
ToTime(21,8,58,True)
now(21:05:25) to(21:08:58) inc(213)
ToTime(21,9,58,True)
now(21:09:05) to(21:09:58) inc(53)
ToTime(23,59,58,True)
now(21:11:08) to(23:59:58) inc(10130)
ToTime(12,49,58,True)
now(00:00:19) to(12:49:58) inc(46179)
ToTime(12,59,58,True)
now(12:50:02) to(12:59:58) inc(596)
ToTime(23,59,58,True)
now(13:01:04) to(23:59:58) inc(39534)
ToTime(12,49,58,True)
now(00:00:04) to(12:49:58) inc(46194)
ToTime(12,54,58,True)
now(12:50:07) to(12:54:58) inc(291)
ToTime(12,59,58,True)
now(12:55:05) to(12:59:58) inc(293)
ToTime(19,49,58,True)
now(13:07:53) to(19:49:58) inc(24125)
ToTime(19,59,58,True)
now(19:50:08) to(19:59:58) inc(590)
17:21:7 GE_EXC, save time(2016-03-26 20:24:00) <= now(2016-03-24 17:21:07)
BLUE, change config txt  /TurnTableActive_yy.txt
BLUE, change config txt  /BraveHeroActive_yy.txt
BLUE, change config txt  /KuafuFlowerRankActive_yy.txt
17:21:7 GE_EXC, module(Common.Other.GlobalPrompt), variable(EB_Vision_Dict) has not all translate.
17:21:7 GE_EXC, module(Game.ThirdParty.QQSummer.QQSummer), variable(ErrorCodeDict) has not all translate.
17:21:7 GE_EXC LoadLanguageScriptEx error cnt (1771)
RED GREEN BLUE << C 10002 Server Start At 2016-03-24 17:21:07>>
17:21:9 GE_EXC, day error in OnGetRankBack
17:21:9 GE_EXC, day error in OnGetRankBack
BLUE, system load all persistence data.
ToTime(12,49,58,True)
now(17:26:04) > to(12:49:58)
ToTime(12,59,58,True)
now(17:26:09) > to(12:59:58)
ToTime(23,59,58,True)
now(17:26:34) to(23:59:58) inc(23604)
ToTime(12,49,58,True)
now(00:00:20) to(12:49:58) inc(46178)
ToTime(12,59,58,True)
now(12:50:03) to(12:59:58) inc(595)
ToTime(12,49,58,True)
now(05:22:44) to(12:49:58) inc(26834)
ToTime(12,59,58,True)
now(12:50:06) to(12:59:58) inc(592)
ToTime(13,14,58,True)
now(13:00:52) to(13:14:58) inc(846)
ToTime(19,29,58,True)
now(13:16:03) to(19:29:58) inc(22435)
ToTime(19,49,58,True)
now(19:30:55) to(19:49:58) inc(1143)
ToTime(19,54,58,True)
now(19:50:03) to(19:54:58) inc(295)
ToTime(19,58,58,True)
now(19:55:01) to(19:58:58) inc(237)
ToTime(19,59,58,True)
now(19:59:02) to(19:59:58) inc(56)
ToTime(20,29,58,True)
now(20:01:29) to(20:29:58) inc(1709)
ToTime(21,4,58,True)
now(20:34:35) to(21:04:58) inc(1823)
ToTime(21,8,58,True)
now(21:05:34) to(21:08:58) inc(204)
ToTime(21,9,58,True)
now(21:09:02) to(21:09:58) inc(56)
ToTime(21,29,58,True)
now(21:11:02) to(21:29:58) inc(1136)
ToTime(22,59,58,True)
now(21:38:08) to(22:59:58) inc(4910)
