BLUE 0 connect mysql ok.
BLUE 1 connect mysql ok.
BLUE 2 connect mysql ok.
BLUE 3 connect mysql ok.
BLUE 4 connect mysql ok.
BLUE 5 connect mysql ok.
16:20:7 GE_EXC, module(Common.Other.GlobalPrompt), variable(EB_Vision_Dict) has not all translate.
16:20:7 GE_EXC, module(Game.ThirdParty.QQSummer.QQSummer), variable(ErrorCodeDict) has not all translate.
16:20:7 GE_EXC LoadLanguageScriptEx error cnt (1771)
RED GREEN BLUE << D 10002 Server Start At 2016-03-24 16:20:07>>
BLUE, system load all persistence data.
../PyCode/DB/RoleVisit.py:135: Warning: Invalid utf8 character string: 'FC0100'
  cur.execute(SaveRoleSQL, roledata)
../PyCode/DB/RoleVisit.py:135: Warning: Invalid utf8 character string: 'F0E900'
  cur.execute(SaveRoleSQL, roledata)
../PyCode/DB/PersistenceVisit.py:32: Warning: Invalid utf8 character string: 'CE024B'
  cur.execute(SavePersistenceDataSQL, (key, info, data))
../PyCode/DB/RoleVisit.py:135: Warning: Invalid utf8 character string: 'F30300'
  cur.execute(SaveRoleSQL, roledata)
../PyCode/DB/RoleVisit.py:135: Warning: Invalid utf8 character string: 'B82200'
  cur.execute(SaveRoleSQL, roledata)
ToTime(16,59,58,True)
now(16:37:40) to(16:59:58) inc(1338)
../PyCode/DB/BigTableVisit.py:91: Warning: Invalid utf8 character string: 'FF4B15'
  cur.executemany(sql, rows)
../PyCode/DB/BigTableVisit.py:91: Warning: Invalid utf8 character string: 'A04B15'
  cur.executemany(sql, rows)
../PyCode/DB/PersistenceVisit.py:32: Warning: Invalid utf8 character string: 'E00311'
  cur.execute(SavePersistenceDataSQL, (key, info, data))
../PyCode/DB/BigTableVisit.py:91: Warning: Invalid utf8 character string: 'C44BC5'
  cur.executemany(sql, rows)
../PyCode/DB/BigTableVisit.py:91: Warning: Invalid utf8 character string: 'CB4B00'
  cur.executemany(sql, rows)
../PyCode/DB/BigTableVisit.py:91: Warning: Invalid utf8 character string: 'D04B00'
  cur.executemany(sql, rows)
../PyCode/DB/BigTableVisit.py:91: Warning: Invalid utf8 character string: 'D24B00'
  cur.executemany(sql, rows)
../PyCode/DB/BigTableVisit.py:91: Warning: Invalid utf8 character string: 'DF4B00'
  cur.executemany(sql, rows)
../PyCode/DB/BigTableVisit.py:91: Warning: Invalid utf8 character string: 'E14B00'
  cur.executemany(sql, rows)
../PyCode/DB/BigTableVisit.py:91: Warning: Invalid utf8 character string: 'E34B00'
  cur.executemany(sql, rows)
../PyCode/DB/BigTableVisit.py:91: Warning: Invalid utf8 character string: 'E54B00'
  cur.executemany(sql, rows)
../PyCode/DB/BigTableVisit.py:91: Warning: Invalid utf8 character string: 'E74B00'
  cur.executemany(sql, rows)
../PyCode/DB/BigTableVisit.py:91: Warning: Invalid utf8 character string: 'E94B00'
  cur.executemany(sql, rows)
../PyCode/DB/BigTableVisit.py:91: Warning: Invalid utf8 character string: 'EB4B00'
  cur.executemany(sql, rows)
../PyCode/DB/BigTableVisit.py:91: Warning: Invalid utf8 character string: 'ED4B00'
  cur.executemany(sql, rows)
../PyCode/DB/BigTableVisit.py:91: Warning: Invalid utf8 character string: 'BDC7F3'
  cur.executemany(sql, rows)
../PyCode/DB/BigTableVisit.py:91: Warning: Invalid utf8 character string: 'FFFFFF'
  cur.executemany(sql, rows)
../PyCode/DB/BigTableVisit.py:91: Warning: Invalid utf8 character string: 'F4414B'
  cur.executemany(sql, rows)
../PyCode/DB/BigTableVisit.py:91: Warning: Invalid utf8 character string: 'C3F356'
  cur.executemany(sql, rows)
../PyCode/DB/BigTableVisit.py:91: Warning: Invalid utf8 character string: 'EDCAF3'
  cur.executemany(sql, rows)
../PyCode/DB/BigTableVisit.py:91: Warning: Invalid utf8 character string: 'D1D7F3'
  cur.executemany(sql, rows)
../PyCode/DB/BigTableVisit.py:91: Warning: Invalid utf8 character string: 'A84273'
  cur.executemany(sql, rows)
../PyCode/DB/BigTableVisit.py:91: Warning: Invalid utf8 character string: 'A6F356'
  cur.executemany(sql, rows)
../PyCode/DB/PersistenceVisit.py:32: Warning: Invalid utf8 character string: 'F36C4B'
  cur.execute(SavePersistenceDataSQL, (key, info, data))
../PyCode/DB/BigTableVisit.py:91: Warning: Invalid utf8 character string: '93014B'
  cur.executemany(sql, rows)
../PyCode/DB/BigTableVisit.py:91: Warning: Invalid utf8 character string: 'A04B02'
  cur.executemany(sql, rows)
../PyCode/DB/PersistenceVisit.py:32: Warning: Invalid utf8 character string: 'FFFFFF'
  cur.execute(SavePersistenceDataSQL, (key, info, data))
../PyCode/DB/RoleVisit.py:135: Warning: Invalid utf8 character string: '984E0D'
  cur.execute(SaveRoleSQL, roledata)
../PyCode/DB/RoleVisit.py:135: Warning: Invalid utf8 character string: 'B7060C'
  cur.execute(SaveRoleSQL, roledata)
../PyCode/DB/RoleVisit.py:135: Warning: Invalid utf8 character string: 'E20400'
  cur.execute(SaveRoleSQL, roledata)
ToTime(19,59,58,True)
now(17:07:32) to(19:59:58) inc(10346)
ToTime(20,34,58,True)
now(20:00:03) to(20:34:58) inc(2095)
ToTime(20,39,58,True)
now(20:35:02) to(20:39:58) inc(296)
ToTime(21,4,58,True)
now(20:41:26) to(21:04:58) inc(1412)
ToTime(21,8,58,True)
now(21:05:25) to(21:08:58) inc(213)
ToTime(21,9,58,True)
now(21:09:05) to(21:09:58) inc(53)
../PyCode/DB/BigTableVisit.py:91: Warning: Invalid utf8 character string: 'BD054B'
  cur.executemany(sql, rows)
../PyCode/DB/PersistenceVisit.py:32: Warning: Invalid utf8 character string: '9A204B'
  cur.execute(SavePersistenceDataSQL, (key, info, data))
../PyCode/DB/BigTableVisit.py:91: Warning: Invalid utf8 character string: 'C64275'
  cur.executemany(sql, rows)
../PyCode/DB/BigTableVisit.py:91: Warning: Invalid utf8 character string: 'FF364B'
  cur.executemany(sql, rows)
../PyCode/DB/BigTableVisit.py:91: Warning: Invalid utf8 character string: '99064B'
  cur.executemany(sql, rows)
ToTime(23,59,58,True)
now(21:11:08) to(23:59:58) inc(10130)
ToTime(12,49,58,True)
now(00:00:19) to(12:49:58) inc(46179)
ToTime(12,59,58,True)
now(12:50:02) to(12:59:58) inc(596)
ToTime(23,59,58,True)
now(13:01:04) to(23:59:58) inc(39534)
ToTime(12,49,58,True)
now(00:00:04) to(12:49:58) inc(46194)
ToTime(12,54,58,True)
now(12:50:07) to(12:54:58) inc(291)
ToTime(12,59,58,True)
now(12:55:05) to(12:59:58) inc(293)
../PyCode/DB/RoleVisit.py:135: Warning: Invalid utf8 character string: '98B604'
  cur.execute(SaveRoleSQL, roledata)
../PyCode/DB/PersistenceVisit.py:32: Warning: Invalid utf8 character string: 'BB4B00'
  cur.execute(SavePersistenceDataSQL, (key, info, data))
../PyCode/DB/BigTableVisit.py:91: Warning: Invalid utf8 character string: 'B5054B'
  cur.executemany(sql, rows)
../PyCode/DB/BigTableVisit.py:91: Warning: Invalid utf8 character string: '8060F5'
  cur.executemany(sql, rows)
../PyCode/DB/PersistenceVisit.py:32: Warning: Invalid utf8 character string: 'F4414B'
  cur.execute(SavePersistenceDataSQL, (key, info, data))
ToTime(19,49,58,True)
now(13:07:53) to(19:49:58) inc(24125)
ToTime(19,59,58,True)
now(19:50:08) to(19:59:58) inc(590)
../PyCode/DB/RoleVisit.py:135: Warning: Invalid utf8 character string: 'A07210'
  cur.execute(SaveRoleSQL, roledata)
../PyCode/DB/RoleVisit.py:135: Warning: Invalid utf8 character string: 'B8EB10'
  cur.execute(SaveRoleSQL, roledata)
../PyCode/DB/RoleVisit.py:135: Warning: Invalid utf8 character string: 'F80C00'
  cur.execute(SaveRoleSQL, roledata)
../PyCode/DB/RoleVisit.py:135: Warning: Invalid utf8 character string: 'A02E63'
  cur.execute(SaveRoleSQL, roledata)
../PyCode/DB/BigTableVisit.py:91: Warning: Invalid utf8 character string: 'F6564B'
  cur.executemany(sql, rows)
../PyCode/DB/BigTableVisit.py:91: Warning: Invalid utf8 character string: 'A77AF6'
  cur.executemany(sql, rows)
../PyCode/DB/BigTableVisit.py:91: Warning: Invalid utf8 character string: '8B4B01'
  cur.executemany(sql, rows)
../PyCode/DB/BigTableVisit.py:91: Warning: Invalid utf8 character string: 'CE024B'
  cur.executemany(sql, rows)
../PyCode/DB/BigTableVisit.py:91: Warning: Invalid utf8 character string: 'A3024B'
  cur.executemany(sql, rows)
../PyCode/DB/BigTableVisit.py:91: Warning: Invalid utf8 character string: 'E54BE6'
  cur.executemany(sql, rows)
../PyCode/DB/PersistenceVisit.py:32: Warning: Invalid utf8 character string: 'F6024B'
  cur.execute(SavePersistenceDataSQL, (key, info, data))
../PyCode/DB/RoleVisit.py:135: Warning: Invalid utf8 character string: 'A60000'
  cur.execute(SaveRoleSQL, roledata)
17:21:7 GE_EXC, save time(2016-03-26 20:24:00) <= now(2016-03-24 17:21:07)
BLUE 0 connect mysql ok.
BLUE 1 connect mysql ok.
BLUE 2 connect mysql ok.
BLUE 3 connect mysql ok.
BLUE 4 connect mysql ok.
BLUE 5 connect mysql ok.
17:21:7 GE_EXC, module(Common.Other.GlobalPrompt), variable(EB_Vision_Dict) has not all translate.
17:21:7 GE_EXC, module(Game.ThirdParty.QQSummer.QQSummer), variable(ErrorCodeDict) has not all translate.
17:21:7 GE_EXC LoadLanguageScriptEx error cnt (1771)
RED GREEN BLUE << D 10002 Server Start At 2016-03-24 17:21:07>>
BLUE, system load all persistence data.
../PyCode/DB/RoleVisit.py:135: Warning: Invalid utf8 character string: 'FC0100'
  cur.execute(SaveRoleSQL, roledata)
ToTime(12,49,58,True)
now(17:26:04) > to(12:49:58)
../PyCode/DB/PersistenceVisit.py:32: Warning: Invalid utf8 character string: 'F6024B'
  cur.execute(SavePersistenceDataSQL, (key, info, data))
ToTime(12,59,58,True)
now(17:26:09) > to(12:59:58)
ToTime(23,59,58,True)
now(17:26:34) to(23:59:58) inc(23604)
ToTime(12,49,58,True)
now(00:00:20) to(12:49:58) inc(46178)
ToTime(12,59,58,True)
now(12:50:03) to(12:59:58) inc(595)
../PyCode/DB/RoleVisit.py:135: Warning: Invalid utf8 character string: 'E60300'
  cur.execute(SaveRoleSQL, roledata)
../PyCode/DB/RoleVisit.py:135: Warning: Invalid utf8 character string: 'E0A57E'
  cur.execute(SaveRoleSQL, roledata)
../PyCode/DB/RoleVisit.py:135: Warning: Invalid utf8 character string: '980F00'
  cur.execute(SaveRoleSQL, roledata)
../PyCode/DB/RoleVisit.py:135: Warning: Invalid utf8 character string: 'E0F943'
  cur.execute(SaveRoleSQL, roledata)
../PyCode/DB/RoleVisit.py:135: Warning: Invalid utf8 character string: 'FFE30B'
  cur.execute(SaveRoleSQL, roledata)
../PyCode/DB/BigTableVisit.py:91: Warning: Invalid utf8 character string: 'E54BE6'
  cur.executemany(sql, rows)
../PyCode/DB/BigTableVisit.py:91: Warning: Invalid utf8 character string: 'CB4B00'
  cur.executemany(sql, rows)
../PyCode/DB/BigTableVisit.py:91: Warning: Invalid utf8 character string: 'D04B00'
  cur.executemany(sql, rows)
../PyCode/DB/BigTableVisit.py:91: Warning: Invalid utf8 character string: 'D24B00'
  cur.executemany(sql, rows)
../PyCode/DB/BigTableVisit.py:91: Warning: Invalid utf8 character string: 'DF4B00'
  cur.executemany(sql, rows)
../PyCode/DB/BigTableVisit.py:91: Warning: Invalid utf8 character string: 'E14B00'
  cur.executemany(sql, rows)
../PyCode/DB/BigTableVisit.py:91: Warning: Invalid utf8 character string: 'E34B00'
  cur.executemany(sql, rows)
../PyCode/DB/BigTableVisit.py:91: Warning: Invalid utf8 character string: 'E54B00'
  cur.executemany(sql, rows)
../PyCode/DB/BigTableVisit.py:91: Warning: Invalid utf8 character string: 'E74B00'
  cur.executemany(sql, rows)
../PyCode/DB/BigTableVisit.py:91: Warning: Invalid utf8 character string: 'E94B00'
  cur.executemany(sql, rows)
../PyCode/DB/BigTableVisit.py:91: Warning: Invalid utf8 character string: 'EB4B00'
  cur.executemany(sql, rows)
../PyCode/DB/BigTableVisit.py:91: Warning: Invalid utf8 character string: 'ED4B00'
  cur.executemany(sql, rows)
../PyCode/DB/PersistenceVisit.py:32: Warning: Invalid utf8 character string: 'E00311'
  cur.execute(SavePersistenceDataSQL, (key, info, data))
../PyCode/DB/PersistenceVisit.py:32: Warning: Invalid utf8 character string: 'F36C4B'
  cur.execute(SavePersistenceDataSQL, (key, info, data))
../PyCode/DB/BigTableVisit.py:91: Warning: Invalid utf8 character string: 'BDC7F3'
  cur.executemany(sql, rows)
../PyCode/DB/BigTableVisit.py:91: Warning: Invalid utf8 character string: 'FEFFFF'
  cur.executemany(sql, rows)
../PyCode/DB/BigTableVisit.py:91: Warning: Invalid utf8 character string: 'F4414B'
  cur.executemany(sql, rows)
../PyCode/DB/BigTableVisit.py:91: Warning: Invalid utf8 character string: 'C3F356'
  cur.executemany(sql, rows)
../PyCode/DB/BigTableVisit.py:91: Warning: Invalid utf8 character string: 'EDCAF3'
  cur.executemany(sql, rows)
../PyCode/DB/BigTableVisit.py:91: Warning: Invalid utf8 character string: 'D1D7F3'
  cur.executemany(sql, rows)
../PyCode/DB/BigTableVisit.py:91: Warning: Invalid utf8 character string: 'A84273'
  cur.executemany(sql, rows)
../PyCode/DB/BigTableVisit.py:91: Warning: Invalid utf8 character string: 'F6564B'
  cur.executemany(sql, rows)
../PyCode/DB/BigTableVisit.py:91: Warning: Invalid utf8 character string: 'C64275'
  cur.executemany(sql, rows)
../PyCode/DB/BigTableVisit.py:91: Warning: Invalid utf8 character string: 'A77AF6'
  cur.executemany(sql, rows)
../PyCode/DB/BigTableVisit.py:91: Warning: Invalid utf8 character string: 'F4564B'
  cur.executemany(sql, rows)
../PyCode/DB/BigTableVisit.py:91: Warning: Invalid utf8 character string: 'C64273'
  cur.executemany(sql, rows)
../PyCode/DB/PersistenceVisit.py:32: Warning: Invalid utf8 character string: 'BB4B00'
  cur.execute(SavePersistenceDataSQL, (key, info, data))
../PyCode/DB/PersistenceVisit.py:32: Warning: Invalid utf8 character string: '9A204B'
  cur.execute(SavePersistenceDataSQL, (key, info, data))
../PyCode/DB/PersistenceVisit.py:32: Warning: Invalid utf8 character string: 'CE024B'
  cur.execute(SavePersistenceDataSQL, (key, info, data))
../PyCode/DB/PersistenceVisit.py:32: Warning: Invalid utf8 character string: 'FFFFFF'
  cur.execute(SavePersistenceDataSQL, (key, info, data))
../PyCode/DB/PersistenceVisit.py:32: Warning: Invalid utf8 character string: 'F4414B'
  cur.execute(SavePersistenceDataSQL, (key, info, data))
../PyCode/DB/RoleVisit.py:135: Warning: Invalid utf8 character string: 'E82A00'
  cur.execute(SaveRoleSQL, roledata)
../PyCode/DB/BigTableVisit.py:91: Warning: Invalid utf8 character string: 'C9F456'
  cur.executemany(sql, rows)
../PyCode/DB/BigTableVisit.py:91: Warning: Invalid utf8 character string: 'F0014B'
  cur.executemany(sql, rows)
../PyCode/DB/BigTableVisit.py:91: Warning: Invalid utf8 character string: 'D8F456'
  cur.executemany(sql, rows)
../PyCode/DB/RoleVisit.py:135: Warning: Invalid utf8 character string: '90DC51'
  cur.execute(SaveRoleSQL, roledata)
../PyCode/DB/BigTableVisit.py:91: Warning: Invalid utf8 character string: 'A5044B'
  cur.executemany(sql, rows)
../PyCode/DB/BigTableVisit.py:91: Warning: Invalid utf8 character string: 'D6024B'
  cur.executemany(sql, rows)
../PyCode/DB/BigTableVisit.py:91: Warning: Invalid utf8 character string: 'AD024B'
  cur.executemany(sql, rows)
../PyCode/DB/BigTableVisit.py:91: Warning: Invalid utf8 character string: '8060F5'
  cur.executemany(sql, rows)
../PyCode/DB/RoleVisit.py:135: Warning: Invalid utf8 character string: 'B02A52'
  cur.execute(SaveRoleSQL, roledata)
../PyCode/DB/RoleVisit.py:135: Warning: Invalid utf8 character string: 'F87708'
  cur.execute(SaveRoleSQL, roledata)
../PyCode/DB/RoleVisit.py:141: Warning: Invalid utf8 character string: 'F71773'
  cur.executemany(sql, arg)
../PyCode/DB/RoleVisit.py:135: Warning: Invalid utf8 character string: 'F8640F'
  cur.execute(SaveRoleSQL, roledata)
../PyCode/DB/BigTableVisit.py:91: Warning: Invalid utf8 character string: 'B0044B'
  cur.executemany(sql, rows)
../PyCode/DB/BigTableVisit.py:91: Warning: Invalid utf8 character string: 'A9F556'
  cur.executemany(sql, rows)
../PyCode/DB/RoleVisit.py:135: Warning: Invalid utf8 character string: 'D40A00'
  cur.execute(SaveRoleSQL, roledata)
../PyCode/DB/RoleVisit.py:135: Warning: Invalid utf8 character string: 'E9870E'
  cur.execute(SaveRoleSQL, roledata)
../PyCode/DB/RoleVisit.py:135: Warning: Invalid utf8 character string: 'D11300'
  cur.execute(SaveRoleSQL, roledata)
../PyCode/DB/RoleVisit.py:135: Warning: Invalid utf8 character string: 'D8F813'
  cur.execute(SaveRoleSQL, roledata)
../PyCode/DB/RoleVisit.py:135: Warning: Invalid utf8 character string: 'E7455D'
  cur.execute(SaveRoleSQL, roledata)
../PyCode/DB/RoleVisit.py:135: Warning: Invalid utf8 character string: 'A3C82C'
  cur.execute(SaveRoleSQL, roledata)
../PyCode/DB/BigTableVisit.py:91: Warning: Invalid utf8 character string: 'FFFFFF'
  cur.executemany(sql, rows)
../PyCode/DB/BigTableVisit.py:91: Warning: Invalid utf8 character string: 'AA90F6'
  cur.executemany(sql, rows)
../PyCode/DB/BigTableVisit.py:91: Warning: Invalid utf8 character string: 'BFA8F6'
  cur.executemany(sql, rows)
../PyCode/DB/BigTableVisit.py:91: Warning: Invalid utf8 character string: '81F5F7'
  cur.executemany(sql, rows)
../PyCode/DB/RoleVisit.py:135: Warning: Invalid utf8 character string: 'AB2A00'
  cur.execute(SaveRoleSQL, roledata)
../PyCode/DB/RoleVisit.py:135: Warning: Invalid utf8 character string: '813D76'
  cur.execute(SaveRoleSQL, roledata)
../PyCode/DB/RoleVisit.py:135: Warning: Invalid utf8 character string: '9B5E49'
  cur.execute(SaveRoleSQL, roledata)
../PyCode/DB/RoleVisit.py:135: Warning: Invalid utf8 character string: 'D22A00'
  cur.execute(SaveRoleSQL, roledata)
../PyCode/DB/RoleVisit.py:135: Warning: Invalid utf8 character string: 'C47754'
  cur.execute(SaveRoleSQL, roledata)
../PyCode/DB/RoleVisit.py:135: Warning: Invalid utf8 character string: 'EB034F'
  cur.execute(SaveRoleSQL, roledata)
../PyCode/DB/RoleVisit.py:135: Warning: Invalid utf8 character string: 'D94C78'
  cur.execute(SaveRoleSQL, roledata)
../PyCode/DB/RoleVisit.py:135: Warning: Invalid utf8 character string: 'F6CB01'
  cur.execute(SaveRoleSQL, roledata)
../PyCode/DB/RoleVisit.py:135: Warning: Invalid utf8 character string: 'A39F50'
  cur.execute(SaveRoleSQL, roledata)
../PyCode/DB/RoleVisit.py:135: Warning: Invalid utf8 character string: 'A1FC78'
  cur.execute(SaveRoleSQL, roledata)
../PyCode/DB/BigTableVisit.py:91: Warning: Invalid utf8 character string: 'F6414B'
  cur.executemany(sql, rows)
../PyCode/DB/BigTableVisit.py:91: Warning: Invalid utf8 character string: '982343'
  cur.executemany(sql, rows)
../PyCode/DB/RoleVisit.py:135: Warning: Invalid utf8 character string: 'BA5600'
  cur.execute(SaveRoleSQL, roledata)
../PyCode/DB/RoleVisit.py:135: Warning: Invalid utf8 character string: '8CB647'
  cur.execute(SaveRoleSQL, roledata)
../PyCode/DB/RoleVisit.py:135: Warning: Invalid utf8 character string: 'C05152'
  cur.execute(SaveRoleSQL, roledata)
../PyCode/DB/BigTableVisit.py:91: Warning: Invalid utf8 character string: '905F01'
  cur.executemany(sql, rows)
../PyCode/DB/PersistenceVisit.py:32: Warning: Invalid utf8 character string: '8B4B01'
  cur.execute(SavePersistenceDataSQL, (key, info, data))
../PyCode/DB/RoleVisit.py:135: Warning: Invalid utf8 character string: 'B69301'
  cur.execute(SaveRoleSQL, roledata)
../PyCode/DB/BigTableVisit.py:91: Warning: Invalid utf8 character string: 'AE054B'
  cur.executemany(sql, rows)
../PyCode/DB/BigTableVisit.py:91: Warning: Invalid utf8 character string: 'B2F656'
  cur.executemany(sql, rows)
../PyCode/DB/BigTableVisit.py:91: Warning: Invalid utf8 character string: 'B80B4B'
  cur.executemany(sql, rows)
../PyCode/DB/BigTableVisit.py:91: Warning: Invalid utf8 character string: 'C1F656'
  cur.executemany(sql, rows)
../PyCode/DB/BigTableVisit.py:91: Warning: Invalid utf8 character string: 'F20A4B'
  cur.executemany(sql, rows)
../PyCode/DB/BigTableVisit.py:91: Warning: Invalid utf8 character string: 'D3084B'
  cur.executemany(sql, rows)
