19:26:15 GE_EXC, save time(2016-03-28 19:27:00) <= now(2016-03-28 19:26:15)
BLUE 0 connect mysql ok.
BLUE 1 connect mysql ok.
BLUE 2 connect mysql ok.
BLUE 3 connect mysql ok.
BLUE 4 connect mysql ok.
BLUE 5 connect mysql ok.
19:26:15 GE_EXC, module(Common.Other.GlobalPrompt), variable(EB_Vision_Dict) has not all translate.
19:26:15 GE_EXC, module(Game.ThirdParty.QQSummer.QQSummer), variable(ErrorCodeDict) has not all translate.
19:26:15 GE_EXC LoadLanguageScriptEx error cnt (1772)
RED GREEN BLUE << D 10002 Server Start At 2016-03-28 19:26:15>>
BLUE, system load all persistence data.
../PyCode/DB/RoleVisit.py:135: Warning: Invalid utf8 character string: 'FC0100'
  cur.execute(SaveRoleSQL, roledata)
../PyCode/DB/RoleVisit.py:135: Warning: Invalid utf8 character string: 'E80300'
  cur.execute(SaveRoleSQL, roledata)
../PyCode/DB/PersistenceVisit.py:32: Warning: Invalid utf8 character string: 'E00311'
  cur.execute(SavePersistenceDataSQL, (key, info, data))
../PyCode/DB/BigTableVisit.py:91: Warning: Invalid utf8 character string: 'A04B15'
  cur.executemany(sql, rows)
../PyCode/DB/BigTableVisit.py:91: Warning: Invalid utf8 character string: 'FF4B15'
  cur.executemany(sql, rows)
../PyCode/DB/BigTableVisit.py:91: Warning: Invalid utf8 character string: 'BDC7F3'
  cur.executemany(sql, rows)
../PyCode/DB/BigTableVisit.py:91: Warning: Invalid utf8 character string: 'FEFFFF'
  cur.executemany(sql, rows)
../PyCode/DB/BigTableVisit.py:91: Warning: Invalid utf8 character string: 'F4414B'
  cur.executemany(sql, rows)
../PyCode/DB/BigTableVisit.py:91: Warning: Invalid utf8 character string: 'C3F356'
  cur.executemany(sql, rows)
../PyCode/DB/BigTableVisit.py:91: Warning: Invalid utf8 character string: 'EDCAF3'
  cur.executemany(sql, rows)
../PyCode/DB/BigTableVisit.py:91: Warning: Invalid utf8 character string: 'D1D7F3'
  cur.executemany(sql, rows)
../PyCode/DB/BigTableVisit.py:91: Warning: Invalid utf8 character string: 'A84273'
  cur.executemany(sql, rows)
../PyCode/DB/BigTableVisit.py:91: Warning: Invalid utf8 character string: 'F6564B'
  cur.executemany(sql, rows)
../PyCode/DB/BigTableVisit.py:91: Warning: Invalid utf8 character string: 'C64275'
  cur.executemany(sql, rows)
../PyCode/DB/BigTableVisit.py:91: Warning: Invalid utf8 character string: 'A77AF6'
  cur.executemany(sql, rows)
../PyCode/DB/BigTableVisit.py:91: Warning: Invalid utf8 character string: 'F6414B'
  cur.executemany(sql, rows)
../PyCode/DB/BigTableVisit.py:91: Warning: Invalid utf8 character string: 'B2F656'
  cur.executemany(sql, rows)
../PyCode/DB/BigTableVisit.py:91: Warning: Invalid utf8 character string: '982343'
  cur.executemany(sql, rows)
../PyCode/DB/BigTableVisit.py:91: Warning: Invalid utf8 character string: 'FFFFFF'
  cur.executemany(sql, rows)
../PyCode/DB/BigTableVisit.py:91: Warning: Invalid utf8 character string: 'C1F656'
  cur.executemany(sql, rows)
../PyCode/DB/BigTableVisit.py:91: Warning: Invalid utf8 character string: 'F2EEF4'
  cur.executemany(sql, rows)
../PyCode/DB/BigTableVisit.py:91: Warning: Invalid utf8 character string: 'CBF6F4'
  cur.executemany(sql, rows)
../PyCode/DB/PersistenceVisit.py:32: Warning: Invalid utf8 character string: 'F36C4B'
  cur.execute(SavePersistenceDataSQL, (key, info, data))
../PyCode/DB/BigTableVisit.py:91: Warning: Invalid utf8 character string: 'E54BE6'
  cur.executemany(sql, rows)
../PyCode/DB/BigTableVisit.py:91: Warning: Invalid utf8 character string: 'CB4B00'
  cur.executemany(sql, rows)
../PyCode/DB/BigTableVisit.py:91: Warning: Invalid utf8 character string: 'D04B00'
  cur.executemany(sql, rows)
../PyCode/DB/BigTableVisit.py:91: Warning: Invalid utf8 character string: 'D24B00'
  cur.executemany(sql, rows)
../PyCode/DB/BigTableVisit.py:91: Warning: Invalid utf8 character string: 'DF4B00'
  cur.executemany(sql, rows)
../PyCode/DB/BigTableVisit.py:91: Warning: Invalid utf8 character string: 'E14B00'
  cur.executemany(sql, rows)
../PyCode/DB/BigTableVisit.py:91: Warning: Invalid utf8 character string: 'E34B00'
  cur.executemany(sql, rows)
../PyCode/DB/BigTableVisit.py:91: Warning: Invalid utf8 character string: 'E54B00'
  cur.executemany(sql, rows)
../PyCode/DB/BigTableVisit.py:91: Warning: Invalid utf8 character string: 'E74B00'
  cur.executemany(sql, rows)
../PyCode/DB/BigTableVisit.py:91: Warning: Invalid utf8 character string: 'E94B00'
  cur.executemany(sql, rows)
../PyCode/DB/BigTableVisit.py:91: Warning: Invalid utf8 character string: 'EB4B00'
  cur.executemany(sql, rows)
../PyCode/DB/BigTableVisit.py:91: Warning: Invalid utf8 character string: 'ED4B00'
  cur.executemany(sql, rows)
../PyCode/DB/BigTableVisit.py:91: Warning: Invalid utf8 character string: 'A04B02'
  cur.executemany(sql, rows)
../PyCode/DB/BigTableVisit.py:91: Warning: Invalid utf8 character string: '93014B'
  cur.executemany(sql, rows)
../PyCode/DB/PersistenceVisit.py:32: Warning: Invalid utf8 character string: 'FFFFFF'
  cur.execute(SavePersistenceDataSQL, (key, info, data))
../PyCode/DB/PersistenceVisit.py:32: Warning: Invalid utf8 character string: 'F8414B'
  cur.execute(SavePersistenceDataSQL, (key, info, data))
../PyCode/DB/RoleVisit.py:135: Warning: Invalid utf8 character string: '803117'
  cur.execute(SaveRoleSQL, roledata)
../PyCode/DB/RoleVisit.py:135: Warning: Invalid utf8 character string: '905817'
  cur.execute(SaveRoleSQL, roledata)
../PyCode/DB/BigTableVisit.py:91: Warning: Invalid utf8 character string: '905F01'
  cur.executemany(sql, rows)
../PyCode/DB/BigTableVisit.py:91: Warning: Invalid utf8 character string: 'AB4B15'
  cur.executemany(sql, rows)
../PyCode/DB/BigTableVisit.py:91: Warning: Invalid utf8 character string: '9B014B'
  cur.executemany(sql, rows)
../PyCode/DB/BigTableVisit.py:91: Warning: Invalid utf8 character string: 'AB4B02'
  cur.executemany(sql, rows)
