9:29:48 GE_EXC, save time(2016-03-29 09:30:00) <= now(2016-03-29 09:29:48)
BLUE 0 connect mysql ok.
BLUE 1 connect mysql ok.
BLUE 2 connect mysql ok.
BLUE 3 connect mysql ok.
BLUE 4 connect mysql ok.
BLUE 5 connect mysql ok.
9:29:48 GE_EXC, module(Common.Other.GlobalPrompt), variable(EB_Vision_Dict) has not all translate.
9:29:48 GE_EXC, module(Game.ThirdParty.QQSummer.QQSummer), variable(ErrorCodeDict) has not all translate.
9:29:48 GE_EXC LoadLanguageScriptEx error cnt (1772)
RED GREEN BLUE << D 10002 Server Start At 2016-03-29 09:29:48>>
BLUE, system load all persistence data.
../PyCode/DB/PersistenceVisit.py:32: Warning: Invalid utf8 character string: 'E00311'
  cur.execute(SavePersistenceDataSQL, (key, info, data))
../PyCode/DB/PersistenceVisit.py:32: Warning: Invalid utf8 character string: 'F36C4B'
  cur.execute(SavePersistenceDataSQL, (key, info, data))
../PyCode/DB/BigTableVisit.py:91: Warning: Invalid utf8 character string: 'BDC7F3'
  cur.executemany(sql, rows)
../PyCode/DB/BigTableVisit.py:91: Warning: Invalid utf8 character string: 'FFFFFF'
  cur.executemany(sql, rows)
../PyCode/DB/BigTableVisit.py:91: Warning: Invalid utf8 character string: 'F4414B'
  cur.executemany(sql, rows)
../PyCode/DB/BigTableVisit.py:91: Warning: Invalid utf8 character string: 'C3F356'
  cur.executemany(sql, rows)
../PyCode/DB/BigTableVisit.py:91: Warning: Invalid utf8 character string: 'EDCAF3'
  cur.executemany(sql, rows)
../PyCode/DB/BigTableVisit.py:91: Warning: Invalid utf8 character string: 'D1D7F3'
  cur.executemany(sql, rows)
../PyCode/DB/BigTableVisit.py:91: Warning: Invalid utf8 character string: 'A84273'
  cur.executemany(sql, rows)
../PyCode/DB/BigTableVisit.py:91: Warning: Invalid utf8 character string: 'F6564B'
  cur.executemany(sql, rows)
../PyCode/DB/BigTableVisit.py:91: Warning: Invalid utf8 character string: 'C64275'
  cur.executemany(sql, rows)
../PyCode/DB/BigTableVisit.py:91: Warning: Invalid utf8 character string: 'A77AF6'
  cur.executemany(sql, rows)
../PyCode/DB/BigTableVisit.py:91: Warning: Invalid utf8 character string: 'F6414B'
  cur.executemany(sql, rows)
../PyCode/DB/BigTableVisit.py:91: Warning: Invalid utf8 character string: 'B2F656'
  cur.executemany(sql, rows)
../PyCode/DB/BigTableVisit.py:91: Warning: Invalid utf8 character string: '982343'
  cur.executemany(sql, rows)
../PyCode/DB/BigTableVisit.py:91: Warning: Invalid utf8 character string: 'FEFFFF'
  cur.executemany(sql, rows)
../PyCode/DB/BigTableVisit.py:91: Warning: Invalid utf8 character string: 'C1F656'
  cur.executemany(sql, rows)
../PyCode/DB/BigTableVisit.py:91: Warning: Invalid utf8 character string: 'F2EEF4'
  cur.executemany(sql, rows)
../PyCode/DB/BigTableVisit.py:91: Warning: Invalid utf8 character string: 'CBF6F4'
  cur.executemany(sql, rows)
../PyCode/DB/BigTableVisit.py:91: Warning: Invalid utf8 character string: 'E54BE6'
  cur.executemany(sql, rows)
../PyCode/DB/BigTableVisit.py:91: Warning: Invalid utf8 character string: 'CB4B00'
  cur.executemany(sql, rows)
../PyCode/DB/BigTableVisit.py:91: Warning: Invalid utf8 character string: 'D04B00'
  cur.executemany(sql, rows)
../PyCode/DB/BigTableVisit.py:91: Warning: Invalid utf8 character string: 'D24B00'
  cur.executemany(sql, rows)
../PyCode/DB/BigTableVisit.py:91: Warning: Invalid utf8 character string: 'DF4B00'
  cur.executemany(sql, rows)
../PyCode/DB/BigTableVisit.py:91: Warning: Invalid utf8 character string: 'E14B00'
  cur.executemany(sql, rows)
../PyCode/DB/BigTableVisit.py:91: Warning: Invalid utf8 character string: 'E34B00'
  cur.executemany(sql, rows)
../PyCode/DB/BigTableVisit.py:91: Warning: Invalid utf8 character string: 'E54B00'
  cur.executemany(sql, rows)
../PyCode/DB/BigTableVisit.py:91: Warning: Invalid utf8 character string: 'E74B00'
  cur.executemany(sql, rows)
../PyCode/DB/BigTableVisit.py:91: Warning: Invalid utf8 character string: 'E94B00'
  cur.executemany(sql, rows)
../PyCode/DB/BigTableVisit.py:91: Warning: Invalid utf8 character string: 'EB4B00'
  cur.executemany(sql, rows)
../PyCode/DB/BigTableVisit.py:91: Warning: Invalid utf8 character string: 'ED4B00'
  cur.executemany(sql, rows)
../PyCode/DB/PersistenceVisit.py:32: Warning: Invalid utf8 character string: 'F9414B'
  cur.execute(SavePersistenceDataSQL, (key, info, data))
../PyCode/DB/PersistenceVisit.py:32: Warning: Invalid utf8 character string: 'FFFFFF'
  cur.execute(SavePersistenceDataSQL, (key, info, data))
../PyCode/DB/RoleVisit.py:135: Warning: Invalid utf8 character string: 'FC0100'
  cur.execute(SaveRoleSQL, roledata)
../PyCode/DB/RoleVisit.py:135: Warning: Invalid utf8 character string: 'D70000'
  cur.execute(SaveRoleSQL, roledata)
../PyCode/DB/PersistenceVisit.py:32: Warning: Invalid utf8 character string: 'F6024B'
  cur.execute(SavePersistenceDataSQL, (key, info, data))
../PyCode/DB/PersistenceVisit.py:32: Warning: Invalid utf8 character string: 'BB4B00'
  cur.execute(SavePersistenceDataSQL, (key, info, data))
../PyCode/DB/BigTableVisit.py:91: Warning: Invalid utf8 character string: 'EC024B'
  cur.executemany(sql, rows)
../PyCode/DB/RoleVisit.py:135: Warning: Invalid utf8 character string: 'A8C76C'
  cur.execute(SaveRoleSQL, roledata)
print 1
1
../PyCode/DB/RoleVisit.py:135: Warning: Invalid utf8 character string: 'F80C00'
  cur.execute(SaveRoleSQL, roledata)
../PyCode/DB/RoleVisit.py:135: Warning: Invalid utf8 character string: 'B06A21'
  cur.execute(SaveRoleSQL, roledata)
../PyCode/DB/BigTableVisit.py:91: Warning: Invalid utf8 character string: '905F01'
  cur.executemany(sql, rows)
../PyCode/DB/RoleVisit.py:135: Warning: Invalid utf8 character string: 'DC0000'
  cur.execute(SaveRoleSQL, roledata)
../PyCode/DB/RoleVisit.py:135: Warning: Invalid utf8 character string: 'CE3A00'
  cur.execute(SaveRoleSQL, roledata)
../PyCode/DB/RoleVisit.py:135: Warning: Invalid utf8 character string: 'D45BDE'
  cur.execute(SaveRoleSQL, roledata)
../PyCode/DB/BigTableVisit.py:91: Warning: Invalid utf8 character string: 'B54B15'
  cur.executemany(sql, rows)
../PyCode/DB/BigTableVisit.py:91: Warning: Invalid utf8 character string: 'B6014B'
  cur.executemany(sql, rows)
../PyCode/DB/BigTableVisit.py:91: Warning: Invalid utf8 character string: 'B54B02'
  cur.executemany(sql, rows)
../PyCode/DB/RoleVisit.py:135: Warning: Invalid utf8 character string: 'A79107'
  cur.execute(SaveRoleSQL, roledata)
../PyCode/DB/RoleVisit.py:135: Warning: Invalid utf8 character string: 'F462F5'
  cur.execute(SaveRoleSQL, roledata)
print 1
1
../PyCode/DB/RoleVisit.py:135: Warning: Invalid utf8 character string: '81E506'
  cur.execute(SaveRoleSQL, roledata)
../PyCode/DB/RoleVisit.py:135: Warning: Invalid utf8 character string: 'B0AD01'
  cur.execute(SaveRoleSQL, roledata)
../PyCode/DB/RoleVisit.py:135: Warning: Invalid utf8 character string: '978A35'
  cur.execute(SaveRoleSQL, roledata)
../PyCode/DB/RoleVisit.py:135: Warning: Invalid utf8 character string: 'FF0A63'
  cur.execute(SaveRoleSQL, roledata)
../PyCode/DB/RoleVisit.py:135: Warning: Invalid utf8 character string: 'BF3E02'
  cur.execute(SaveRoleSQL, roledata)
../PyCode/DB/BigTableVisit.py:91: Warning: Invalid utf8 character string: '85F701'
  cur.executemany(sql, rows)
../PyCode/DB/BigTableVisit.py:91: Warning: Invalid utf8 character string: 'FA564B'
  cur.executemany(sql, rows)
../PyCode/DB/BigTableVisit.py:91: Warning: Invalid utf8 character string: 'D00400'
  cur.executemany(sql, rows)
../PyCode/DB/BigTableVisit.py:91: Warning: Invalid utf8 character string: 'EE024B'
  cur.executemany(sql, rows)
../PyCode/DB/BigTableVisit.py:91: Warning: Invalid utf8 character string: 'C8732E'
  cur.executemany(sql, rows)
../PyCode/DB/BigTableVisit.py:91: Warning: Invalid utf8 character string: 'E04BDF'
  cur.executemany(sql, rows)
../PyCode/DB/PersistenceVisit.py:32: Warning: Invalid utf8 character string: '80284B'
  cur.execute(SavePersistenceDataSQL, (key, info, data))
../PyCode/DB/RoleVisit.py:135: Warning: Invalid utf8 character string: '9D8336'
  cur.execute(SaveRoleSQL, roledata)
../PyCode/DB/RoleVisit.py:135: Warning: Invalid utf8 character string: '960000'
  cur.execute(SaveRoleSQL, roledata)
../PyCode/DB/RoleVisit.py:135: Warning: Invalid utf8 character string: '970089'
  cur.execute(SaveRoleSQL, roledata)
../PyCode/DB/RoleVisit.py:135: Warning: Invalid utf8 character string: 'FECF38'
  cur.execute(SaveRoleSQL, roledata)
../PyCode/DB/RoleVisit.py:135: Warning: Invalid utf8 character string: '924002'
  cur.execute(SaveRoleSQL, roledata)
../PyCode/DB/RoleVisit.py:135: Warning: Invalid utf8 character string: 'B82E02'
  cur.execute(SaveRoleSQL, roledata)
../PyCode/DB/BigTableVisit.py:91: Warning: Invalid utf8 character string: 'C5744B'
  cur.executemany(sql, rows)
../PyCode/DB/RoleVisit.py:135: Warning: Invalid utf8 character string: 'D7FCD4'
  cur.execute(SaveRoleSQL, roledata)
../PyCode/DB/RoleVisit.py:135: Warning: Invalid utf8 character string: 'A11D39'
  cur.execute(SaveRoleSQL, roledata)
../PyCode/DB/RoleVisit.py:135: Warning: Invalid utf8 character string: 'D748DB'
  cur.execute(SaveRoleSQL, roledata)
../PyCode/DB/RoleVisit.py:141: Warning: Invalid utf8 character string: 'CD2573'
  cur.executemany(sql, arg)
../PyCode/DB/RoleVisit.py:135: Warning: Invalid utf8 character string: 'C1653A'
  cur.execute(SaveRoleSQL, roledata)
../PyCode/DB/RoleVisit.py:135: Warning: Invalid utf8 character string: '9030EE'
  cur.execute(SaveRoleSQL, roledata)
../PyCode/DB/RoleVisit.py:141: Warning: Invalid utf8 character string: 'D62573'
  cur.executemany(sql, arg)
../PyCode/DB/BigTableVisit.py:91: Warning: Invalid utf8 character string: 'FB4E4B'
  cur.executemany(sql, rows)
../PyCode/DB/BigTableVisit.py:91: Warning: Invalid utf8 character string: 'A56F4B'
  cur.executemany(sql, rows)
../PyCode/DB/BigTableVisit.py:91: Warning: Invalid utf8 character string: 'B00473'
  cur.executemany(sql, rows)
../PyCode/DB/BigTableVisit.py:91: Warning: Invalid utf8 character string: '96732E'
  cur.executemany(sql, rows)
../PyCode/DB/BigTableVisit.py:91: Warning: Invalid utf8 character string: 'DE6174'
  cur.executemany(sql, rows)
../PyCode/DB/BigTableVisit.py:91: Warning: Invalid utf8 character string: 'BF3BFA'
  cur.executemany(sql, rows)
../PyCode/DB/BigTableVisit.py:91: Warning: Invalid utf8 character string: 'CB4273'
  cur.executemany(sql, rows)
../PyCode/DB/BigTableVisit.py:91: Warning: Invalid utf8 character string: '8B4B01'
  cur.executemany(sql, rows)
../PyCode/DB/RoleVisit.py:135: Warning: Invalid utf8 character string: 'C0D401'
  cur.execute(SaveRoleSQL, roledata)
../PyCode/DB/RoleVisit.py:135: Warning: Invalid utf8 character string: '880702'
  cur.execute(SaveRoleSQL, roledata)
ToTime(23,59,58,True)
now(16:37:58) to(23:59:58) inc(26520)
ToTime(23,59,58,True)
now(00:00:23) to(23:59:58) inc(86375)
ToTime(23,58,55,True)
now(00:00:24) to(23:58:55) inc(86311)
../PyCode/DB/RoleVisit.py:135: Warning: Invalid utf8 character string: 'D85240'
  cur.execute(SaveRoleSQL, roledata)
../PyCode/DB/BigTableVisit.py:91: Warning: Invalid utf8 character string: 'FD3DFA'
  cur.executemany(sql, rows)
../PyCode/DB/BigTableVisit.py:91: Warning: Invalid utf8 character string: '8049FD'
  cur.executemany(sql, rows)
../PyCode/DB/BigTableVisit.py:91: Warning: Invalid utf8 character string: 'DC4BDD'
  cur.executemany(sql, rows)
../PyCode/DB/BigTableVisit.py:91: Warning: Invalid utf8 character string: 'E6014B'
  cur.executemany(sql, rows)
ToTime(23,59,55,True)
now(00:06:07) to(23:59:55) inc(86028)
../PyCode/DB/RoleVisit.py:135: Warning: Invalid utf8 character string: 'B0DA32'
  cur.execute(SaveRoleSQL, roledata)
../PyCode/DB/RoleVisit.py:141: Warning: Invalid utf8 character string: 'E43273'
  cur.executemany(sql, arg)
ToTime(23,59,55,True)
now(00:01:40) to(23:59:55) inc(86295)
ToTime(23,59,55,True)
now(00:00:32) to(23:59:55) inc(86363)
ToTime(23,59,55,True)
now(00:00:28) to(23:59:55) inc(86367)
../PyCode/DB/RoleVisit.py:135: Warning: Invalid utf8 character string: 'ACCF4D'
  cur.execute(SaveRoleSQL, roledata)
ToTime(23,59,55,True)
now(00:04:27) to(23:59:55) inc(86128)
ToTime(23,59,55,True)
now(00:01:15) to(23:59:55) inc(86320)
../PyCode/DB/BigTableVisit.py:91: Warning: Invalid utf8 character string: 'E10357'
  cur.executemany(sql, rows)
ToTime(23,57,55,True)
now(00:01:57) to(23:57:55) inc(86158)
ToTime(23,59,55,True)
now(00:01:32) to(23:59:55) inc(86303)
../PyCode/DB/RoleVisit.py:135: Warning: Invalid utf8 character string: 'F75604'
  cur.execute(SaveRoleSQL, roledata)
../PyCode/DB/RoleVisit.py:135: Warning: Invalid utf8 character string: 'A0987B'
  cur.execute(SaveRoleSQL, roledata)
../PyCode/DB/RoleVisit.py:135: Warning: Invalid utf8 character string: 'C8EF49'
  cur.execute(SaveRoleSQL, roledata)
../PyCode/DB/BigTableVisit.py:91: Warning: Invalid utf8 character string: '80D507'
  cur.executemany(sql, rows)
../PyCode/DB/RoleVisit.py:135: Warning: Invalid utf8 character string: 'EC75D1'
  cur.execute(SaveRoleSQL, roledata)
