ToTime(12,49,58,True)
now(00:00:19) to(12:49:58) inc(46179)
ToTime(12,59,58,True)
now(12:50:02) to(12:59:58) inc(596)
GE_EXC 2016-3-25 13:0:4 LogicServer can't distribute role msg(3295). roleId(42958262894626)
GE_EXC 2016-3-25 13:0:14 LogicServer can't distribute role msg(3295). roleId(42958262894626)
GE_EXC 2016-3-25 13:0:16 LogicServer can't distribute role msg(3295). roleId(42958262894624)
GE_EXC 2016-3-25 13:0:16 LogicServer can't distribute role msg(3295). roleId(42958262894626)
GE_EXC 2016-3-25 13:0:30 LogicServer can't distribute role msg(3295). roleId(42958262894624)
GE_EXC 2016-3-25 13:0:33 LogicServer can't distribute role msg(3295). roleId(42958262894626)
ToTime(23,59,58,True)
now(13:01:04) to(23:59:58) inc(39534)
DEGroupBuy DE_GROUPBUY_CNT and recordRole_Set: 0 set([])
ToTime(12,49,58,True)
now(00:00:20) to(12:49:58) inc(46178)
ToTime(12,59,58,True)
now(12:50:03) to(12:59:58) inc(595)
13:0:18 GE_EXC, DailyDo can not find index:(18) in DailyDo_Dict
13:0:25 GE_EXC, DailyDo can not find index:(18) in DailyDo_Dict
True
None
True
None
DukeOnDuty.SetDukeUnion is OK {1: 655491076, 2: 1, 3: [], 4: 1, 5: 655491076}
DEGroupBuy DE_GROUPBUY_CNT and recordRole_Set: 0 set([])
15:33:33 GE_EXC, save time(2016-03-27 04:25:00) <= now(2016-03-25 15:33:33)
BLUE, change config txt  /MountIllusion_yy.txt
BLUE, change config txt  /MountItem_yy.txt
BLUE, change config txt  /MountGrade_yy.txt
BLUE, change config txt  /MountExchange_yy.txt
BLUE, change config txt  /KaifuBossMonster_yy.txt
BLUE, change config txt  /Item_yy.txt
BLUE, change config txt  /StarGirlBase_yy.txt
BLUE, change config txt  /DailyDoConfig_yy.txt
BLUE, change config txt  /DailyDoRewardConfig_yy.txt
BLUE, change config txt  /Title_yy.txt
BLUE, change config txt  /CircularActive_yy.txt
BLUE, change config txt  /BraveHeroActive_yy.txt
BLUE, change config txt  /LianChongRebateActive_yy.txt
BLUE, change config txt  /SuperPromptionControl_yy.txt
BLUE, change config txt  /TurnTableActive_yy.txt
BLUE, change config txt  /GuBaoTanMiActive_yy.txt
BLUE, change config txt  /KuafuFlowerRankActive_yy.txt
BLUE, change config txt  /WonderfulAct_yy.txt
BLUE, change config txt  /WonderfulReward_yy.txt
BLUE, change config txt  /UnionFBBase_yy.txt
BLUE, change config txt  /UnionExploreTreasureReward_yy.txt
BLUE, change config txt  /MarryGrade_yy.txt
BLUE, change config txt  /PartyBless_yy.txt
BLUE, change config txt  /HoneymoonGrade_yy.txt
BLUE, change config txt  /Ring_yy.txt
BLUE, change config txt  /TeamTowerReward_yy.txt
BLUE, change config txt  /TeamTower_yy.txt
BLUE, change config txt  /VIPBase_yy.txt
BLUE, change config txt  /CardsConfig_yy.txt
BLUE, change config txt  /VipReward_yy.txt
BLUE, change config txt  /VipLibao_yy.txt
BLUE, change config txt  /UniversalBuy_yy.txt
BLUE, change config txt  /AsteroidFieldsGuanka_yy.txt
BLUE, change config txt  /TalentCard_yy.txt
BLUE, change config txt  /CollectLongReward_yy.txt
BLUE, change config txt  /WingBase_yy.txt
BLUE, change config txt  /WingEvolve_yy.txt
BLUE, change config txt  /WishPoolConfig_yy.txt
BLUE, change config txt  /ScoreShopConfig_yy.txt
BLUE, change config txt  /ShenshuGuardNpc_yy.txt
BLUE, change config txt  /Fashion_yy.txt
BLUE, change config txt  /FashionSuit_yy.txt
BLUE, change config txt  /RMBBankRateConfig_yy.txt
BLUE, change config txt  /FBReward_yy.txt
BLUE, change config txt  /KaifuTargetAct_yy.txt
BLUE, change config txt  /FiveGiftBase_yy.txt
BLUE, change config txt  /SDHAct_yy.txt
BLUE, change config txt  /FB_yy.txt
BLUE, change config txt  /FBZhangJie_yy.txt
BLUE, change config txt  /FindBack_yy.txt
15:33:33 GE_EXC, module(Common.Other.GlobalPrompt), variable(EB_Vision_Dict) has not all translate.
15:33:33 GE_EXC, module(Game.ThirdParty.QQSummer.QQSummer), variable(ErrorCodeDict) has not all translate.
15:33:33 GE_EXC, module(Game.ElementSpirit.ElementSpiritConfig), variable(ElementSpirit_SpiritName_Dict) has not all translate.
15:33:33 GE_EXC LoadLanguageScriptEx error cnt (1772)
BLUE, change config txt  /Mall_yy.txt
RED GREEN BLUE << GHL 10002 Server Start At 2016-03-25 15:33:33>>
BLUE, big table(sys_wonderfulactdata) load data(33) at 2016-03-25 15:33:40
BLUE, big table(sys_rolefightdata) load data(33) at 2016-03-25 15:33:40
BLUE, big table(sys_union) load data(8) at 2016-03-25 15:33:40
BLUE, big table(sys_ring) load data(0) at 2016-03-25 15:33:40
BLUE, big table(sys_herozdl) load data(5) at 2016-03-25 15:33:40
BLUE, big table(univerbuy_info) load data(9) at 2016-03-25 15:33:40
BLUE, big table(sys_role_slave) load data(26) at 2016-03-25 15:33:40
BLUE, big table(sys_jjc) load data(10) at 2016-03-25 15:33:40
BLUE, big table(sys_role_view) load data(30) at 2016-03-25 15:33:40
BLUE, system load all persistence data.
from Game import RTF
RTF.CallFunctionBack('Game.Login.LimitLogin', (0,))
15:47:36 GE_EXC, role(42958262894639) do command(GM.FightEnd(role) #模拟服战斗指令) error.
15:47:36 Traceback (most recent call last):
  File "../PyCode/Game/Role/Command.py", line 58, in OnCommandReturn
    DoRoleCommand(role, command)
  File "../PyCode/Game/Role/Command.py", line 86, in DoRoleCommand
    exec(command)
  File "<string>", line 1, in <module>
NameError: name 'GM' is not defined
16:7:41 GE_EXC, role(42958262894634) through time same process.
DukeOnDuty.SetDukeUnion is OK {1: 655491076, 2: 3, 3: [], 4: 1, 5: 655491076}
